c:\dev\birchengine - game loop\bin\intermediates\win32\debug\vc142.pdb
c:\dev\birchengine - game loop\bin\intermediates\win32\debug\vc142.idb
c:\dev\birchengine - game loop\bin\intermediates\win32\debug\main.obj
c:\dev\birchengine - game loop\bin\intermediates\win32\debug\tiles.obj
c:\dev\birchengine - game loop\bin\intermediates\win32\debug\tilemanager.obj
c:\dev\birchengine - game loop\bin\intermediates\win32\debug\texturemanager.obj
c:\dev\birchengine - game loop\bin\intermediates\win32\debug\progresstexture.obj
c:\dev\birchengine - game loop\bin\intermediates\win32\debug\oresgame.obj
c:\dev\birchengine - game loop\bin\intermediates\win32\debug\ores.obj
c:\dev\birchengine - game loop\bin\intermediates\win32\debug\componentmanager.obj
c:\dev\birchengine - game loop\bin\intermediates\win32\debug\canvasimage.obj
c:\dev\birchengine - game loop\bin\intermediates\win32\debug\text.obj
c:\dev\birchengine - game loop\bin\win32\debug\ores.exe
c:\dev\birchengine - game loop\bin\win32\debug\ores.ilk
c:\dev\birchengine - game loop\bin\win32\debug\ores.pdb
c:\dev\birchengine - game loop\bin\intermediates\win32\debug\ores.tlog\cl.command.1.tlog
c:\dev\birchengine - game loop\bin\intermediates\win32\debug\ores.tlog\cl.read.1.tlog
c:\dev\birchengine - game loop\bin\intermediates\win32\debug\ores.tlog\cl.write.1.tlog
c:\dev\birchengine - game loop\bin\intermediates\win32\debug\ores.tlog\link.command.1.tlog
c:\dev\birchengine - game loop\bin\intermediates\win32\debug\ores.tlog\link.read.1.tlog
c:\dev\birchengine - game loop\bin\intermediates\win32\debug\ores.tlog\link.write.1.tlog
